This is pdfTeX, Version 3.14159265-2.6-1.40.18 (MiKTeX 2.9.6500 64-bit) (preloaded format=pdflatex 2017.12.20)  2 SEP 2019 16:44
entering extended mode
**./4_temporal_network.tex
(4_temporal_network.tex
LaTeX2e <2017-04-15>
Babel <3.15> and hyphenation patterns for 75 language(s) loaded.
("C:\Program Files\MiKTeX 2.9\tex\latex\base\article.cls"
Document Class: article 2014/09/29 v1.4h Standard LaTeX document class
("C:\Program Files\MiKTeX 2.9\tex\latex\base\size10.clo"
File: size10.clo 2014/09/29 v1.4h Standard LaTeX file (size option)
)
\c@part=\count79
\c@section=\count80
\c@subsection=\count81
\c@subsubsection=\count82
\c@paragraph=\count83
\c@subparagraph=\count84
\c@figure=\count85
\c@table=\count86
\abovecaptionskip=\skip41
\belowcaptionskip=\skip42
\bibindent=\dimen102
)
(C:\Users\ingos\AppData\Roaming\MiKTeX\2.9\tex\latex\pgf\frontendlayer\tikz.sty
(C:\Users\ingos\AppData\Roaming\MiKTeX\2.9\tex\latex\pgf\basiclayer\pgf.sty
(C:\Users\ingos\AppData\Roaming\MiKTeX\2.9\tex\latex\pgf\utilities\pgfrcs.sty
(C:\Users\ingos\AppData\Roaming\MiKTeX\2.9\tex\generic\pgf\utilities\pgfutil-co
mmon.tex
\pgfutil@everybye=\toks14
\pgfutil@tempdima=\dimen103
\pgfutil@tempdimb=\dimen104

(C:\Users\ingos\AppData\Roaming\MiKTeX\2.9\tex\generic\pgf\utilities\pgfutil-co
mmon-lists.tex))
(C:\Users\ingos\AppData\Roaming\MiKTeX\2.9\tex\generic\pgf\utilities\pgfutil-la
tex.def
\pgfutil@abb=\box26
 (C:\Users\ingos\AppData\Roaming\MiKTeX\2.9\tex\latex\ms\everyshi.sty
Package: everyshi 2001/05/15 v3.00 EveryShipout Package (MS)
))
(C:\Users\ingos\AppData\Roaming\MiKTeX\2.9\tex\generic\pgf\utilities\pgfrcs.cod
e.tex
Package: pgfrcs 2015/08/07 v3.0.1a (rcs-revision 1.31)
))
Package: pgf 2015/08/07 v3.0.1a (rcs-revision 1.15)

(C:\Users\ingos\AppData\Roaming\MiKTeX\2.9\tex\latex\pgf\basiclayer\pgfcore.sty
("C:\Program Files\MiKTeX 2.9\tex\latex\graphics\graphicx.sty"
Package: graphicx 2017/06/01 v1.1a Enhanced LaTeX Graphics (DPC,SPQR)

("C:\Program Files\MiKTeX 2.9\tex\latex\graphics\keyval.sty"
Package: keyval 2014/10/28 v1.15 key=value parser (DPC)
\KV@toks@=\toks15
)
("C:\Program Files\MiKTeX 2.9\tex\latex\graphics\graphics.sty"
Package: graphics 2017/06/25 v1.2c Standard LaTeX Graphics (DPC,SPQR)

("C:\Program Files\MiKTeX 2.9\tex\latex\graphics\trig.sty"
Package: trig 2016/01/03 v1.10 sin cos tan (DPC)
)
("C:\Program Files\MiKTeX 2.9\tex\latex\graphics-cfg\graphics.cfg"
File: graphics.cfg 2016/06/04 v1.11 sample graphics configuration
)
Package graphics Info: Driver file: pdftex.def on input line 99.

("C:\Program Files\MiKTeX 2.9\tex\latex\graphics-def\pdftex.def"
File: pdftex.def 2017/06/24 v1.0g Graphics/color driver for pdftex
))
\Gin@req@height=\dimen105
\Gin@req@width=\dimen106
)
(C:\Users\ingos\AppData\Roaming\MiKTeX\2.9\tex\latex\pgf\systemlayer\pgfsys.sty

(C:\Users\ingos\AppData\Roaming\MiKTeX\2.9\tex\generic\pgf\systemlayer\pgfsys.c
ode.tex
Package: pgfsys 2014/07/09 v3.0.1a (rcs-revision 1.48)

(C:\Users\ingos\AppData\Roaming\MiKTeX\2.9\tex\generic\pgf\utilities\pgfkeys.co
de.tex
\pgfkeys@pathtoks=\toks16
\pgfkeys@temptoks=\toks17

(C:\Users\ingos\AppData\Roaming\MiKTeX\2.9\tex\generic\pgf\utilities\pgfkeysfil
tered.code.tex
\pgfkeys@tmptoks=\toks18
))
\pgf@x=\dimen107
\pgf@y=\dimen108
\pgf@xa=\dimen109
\pgf@ya=\dimen110
\pgf@xb=\dimen111
\pgf@yb=\dimen112
\pgf@xc=\dimen113
\pgf@yc=\dimen114
\w@pgf@writea=\write3
\r@pgf@reada=\read1
\c@pgf@counta=\count87
\c@pgf@countb=\count88
\c@pgf@countc=\count89
\c@pgf@countd=\count90
\t@pgf@toka=\toks19
\t@pgf@tokb=\toks20
\t@pgf@tokc=\toks21

(C:\Users\ingos\AppData\Roaming\MiKTeX\2.9\tex\generic\pgf\systemlayer\pgf.cfg
File: pgf.cfg 2008/05/14  (rcs-revision 1.7)
)
Driver file for pgf: pgfsys-pdftex.def

(C:\Users\ingos\AppData\Roaming\MiKTeX\2.9\tex\generic\pgf\systemlayer\pgfsys-p
dftex.def
File: pgfsys-pdftex.def 2014/10/11  (rcs-revision 1.35)

(C:\Users\ingos\AppData\Roaming\MiKTeX\2.9\tex\generic\pgf\systemlayer\pgfsys-c
ommon-pdf.def
File: pgfsys-common-pdf.def 2013/10/10  (rcs-revision 1.13)
)))
(C:\Users\ingos\AppData\Roaming\MiKTeX\2.9\tex\generic\pgf\systemlayer\pgfsysso
ftpath.code.tex
File: pgfsyssoftpath.code.tex 2013/09/09  (rcs-revision 1.9)
\pgfsyssoftpath@smallbuffer@items=\count91
\pgfsyssoftpath@bigbuffer@items=\count92
)
(C:\Users\ingos\AppData\Roaming\MiKTeX\2.9\tex\generic\pgf\systemlayer\pgfsyspr
otocol.code.tex
File: pgfsysprotocol.code.tex 2006/10/16  (rcs-revision 1.4)
))
(C:\Users\ingos\AppData\Roaming\MiKTeX\2.9\tex\latex\xcolor\xcolor.sty
Package: xcolor 2016/05/11 v2.12 LaTeX color extensions (UK)

("C:\Program Files\MiKTeX 2.9\tex\latex\graphics-cfg\color.cfg"
File: color.cfg 2016/01/02 v1.6 sample color configuration
)
Package xcolor Info: Driver file: pdftex.def on input line 225.
Package xcolor Info: Model `cmy' substituted by `cmy0' on input line 1348.
Package xcolor Info: Model `hsb' substituted by `rgb' on input line 1352.
Package xcolor Info: Model `RGB' extended on input line 1364.
Package xcolor Info: Model `HTML' substituted by `rgb' on input line 1366.
Package xcolor Info: Model `Hsb' substituted by `hsb' on input line 1367.
Package xcolor Info: Model `tHsb' substituted by `hsb' on input line 1368.
Package xcolor Info: Model `HSB' substituted by `hsb' on input line 1369.
Package xcolor Info: Model `Gray' substituted by `gray' on input line 1370.
Package xcolor Info: Model `wave' substituted by `hsb' on input line 1371.
)
(C:\Users\ingos\AppData\Roaming\MiKTeX\2.9\tex\generic\pgf\basiclayer\pgfcore.c
ode.tex
Package: pgfcore 2010/04/11 v3.0.1a (rcs-revision 1.7)

(C:\Users\ingos\AppData\Roaming\MiKTeX\2.9\tex\generic\pgf\math\pgfmath.code.te
x
(C:\Users\ingos\AppData\Roaming\MiKTeX\2.9\tex\generic\pgf\math\pgfmathcalc.cod
e.tex
(C:\Users\ingos\AppData\Roaming\MiKTeX\2.9\tex\generic\pgf\math\pgfmathutil.cod
e.tex)
(C:\Users\ingos\AppData\Roaming\MiKTeX\2.9\tex\generic\pgf\math\pgfmathparser.c
ode.tex
\pgfmath@dimen=\dimen115
\pgfmath@count=\count93
\pgfmath@box=\box27
\pgfmath@toks=\toks22
\pgfmath@stack@operand=\toks23
\pgfmath@stack@operation=\toks24
)
(C:\Users\ingos\AppData\Roaming\MiKTeX\2.9\tex\generic\pgf\math\pgfmathfunction
s.code.tex
(C:\Users\ingos\AppData\Roaming\MiKTeX\2.9\tex\generic\pgf\math\pgfmathfunction
s.basic.code.tex)
(C:\Users\ingos\AppData\Roaming\MiKTeX\2.9\tex\generic\pgf\math\pgfmathfunction
s.trigonometric.code.tex)
(C:\Users\ingos\AppData\Roaming\MiKTeX\2.9\tex\generic\pgf\math\pgfmathfunction
s.random.code.tex)
(C:\Users\ingos\AppData\Roaming\MiKTeX\2.9\tex\generic\pgf\math\pgfmathfunction
s.comparison.code.tex)
(C:\Users\ingos\AppData\Roaming\MiKTeX\2.9\tex\generic\pgf\math\pgfmathfunction
s.base.code.tex)
(C:\Users\ingos\AppData\Roaming\MiKTeX\2.9\tex\generic\pgf\math\pgfmathfunction
s.round.code.tex)
(C:\Users\ingos\AppData\Roaming\MiKTeX\2.9\tex\generic\pgf\math\pgfmathfunction
s.misc.code.tex)
(C:\Users\ingos\AppData\Roaming\MiKTeX\2.9\tex\generic\pgf\math\pgfmathfunction
s.integerarithmetics.code.tex)))
(C:\Users\ingos\AppData\Roaming\MiKTeX\2.9\tex\generic\pgf\math\pgfmathfloat.co
de.tex
\c@pgfmathroundto@lastzeros=\count94
))
(C:\Users\ingos\AppData\Roaming\MiKTeX\2.9\tex\generic\pgf\basiclayer\pgfcorepo
ints.code.tex
File: pgfcorepoints.code.tex 2013/10/07  (rcs-revision 1.27)
\pgf@picminx=\dimen116
\pgf@picmaxx=\dimen117
\pgf@picminy=\dimen118
\pgf@picmaxy=\dimen119
\pgf@pathminx=\dimen120
\pgf@pathmaxx=\dimen121
\pgf@pathminy=\dimen122
\pgf@pathmaxy=\dimen123
\pgf@xx=\dimen124
\pgf@xy=\dimen125
\pgf@yx=\dimen126
\pgf@yy=\dimen127
\pgf@zx=\dimen128
\pgf@zy=\dimen129
)
(C:\Users\ingos\AppData\Roaming\MiKTeX\2.9\tex\generic\pgf\basiclayer\pgfcorepa
thconstruct.code.tex
File: pgfcorepathconstruct.code.tex 2013/10/07  (rcs-revision 1.29)
\pgf@path@lastx=\dimen130
\pgf@path@lasty=\dimen131
)
(C:\Users\ingos\AppData\Roaming\MiKTeX\2.9\tex\generic\pgf\basiclayer\pgfcorepa
thusage.code.tex
File: pgfcorepathusage.code.tex 2014/11/02  (rcs-revision 1.24)
\pgf@shorten@end@additional=\dimen132
\pgf@shorten@start@additional=\dimen133
)
(C:\Users\ingos\AppData\Roaming\MiKTeX\2.9\tex\generic\pgf\basiclayer\pgfcoresc
opes.code.tex
File: pgfcorescopes.code.tex 2015/05/08  (rcs-revision 1.46)
\pgfpic=\box28
\pgf@hbox=\box29
\pgf@layerbox@main=\box30
\pgf@picture@serial@count=\count95
)
(C:\Users\ingos\AppData\Roaming\MiKTeX\2.9\tex\generic\pgf\basiclayer\pgfcoregr
aphicstate.code.tex
File: pgfcoregraphicstate.code.tex 2014/11/02  (rcs-revision 1.12)
\pgflinewidth=\dimen134
)
(C:\Users\ingos\AppData\Roaming\MiKTeX\2.9\tex\generic\pgf\basiclayer\pgfcoretr
ansformations.code.tex
File: pgfcoretransformations.code.tex 2015/08/07  (rcs-revision 1.20)
\pgf@pt@x=\dimen135
\pgf@pt@y=\dimen136
\pgf@pt@temp=\dimen137
)
(C:\Users\ingos\AppData\Roaming\MiKTeX\2.9\tex\generic\pgf\basiclayer\pgfcorequ
ick.code.tex
File: pgfcorequick.code.tex 2008/10/09  (rcs-revision 1.3)
)
(C:\Users\ingos\AppData\Roaming\MiKTeX\2.9\tex\generic\pgf\basiclayer\pgfcoreob
jects.code.tex
File: pgfcoreobjects.code.tex 2006/10/11  (rcs-revision 1.2)
)
(C:\Users\ingos\AppData\Roaming\MiKTeX\2.9\tex\generic\pgf\basiclayer\pgfcorepa
thprocessing.code.tex
File: pgfcorepathprocessing.code.tex 2013/09/09  (rcs-revision 1.9)
)
(C:\Users\ingos\AppData\Roaming\MiKTeX\2.9\tex\generic\pgf\basiclayer\pgfcorear
rows.code.tex
File: pgfcorearrows.code.tex 2015/05/14  (rcs-revision 1.43)
\pgfarrowsep=\dimen138
)
(C:\Users\ingos\AppData\Roaming\MiKTeX\2.9\tex\generic\pgf\basiclayer\pgfcoresh
ade.code.tex
File: pgfcoreshade.code.tex 2013/07/15  (rcs-revision 1.15)
\pgf@max=\dimen139
\pgf@sys@shading@range@num=\count96
)
(C:\Users\ingos\AppData\Roaming\MiKTeX\2.9\tex\generic\pgf\basiclayer\pgfcoreim
age.code.tex
File: pgfcoreimage.code.tex 2013/07/15  (rcs-revision 1.18)

(C:\Users\ingos\AppData\Roaming\MiKTeX\2.9\tex\generic\pgf\basiclayer\pgfcoreex
ternal.code.tex
File: pgfcoreexternal.code.tex 2014/07/09  (rcs-revision 1.21)
\pgfexternal@startupbox=\box31
))
(C:\Users\ingos\AppData\Roaming\MiKTeX\2.9\tex\generic\pgf\basiclayer\pgfcorela
yers.code.tex
File: pgfcorelayers.code.tex 2013/07/18  (rcs-revision 1.7)
)
(C:\Users\ingos\AppData\Roaming\MiKTeX\2.9\tex\generic\pgf\basiclayer\pgfcoretr
ansparency.code.tex
File: pgfcoretransparency.code.tex 2013/09/30  (rcs-revision 1.5)
)
(C:\Users\ingos\AppData\Roaming\MiKTeX\2.9\tex\generic\pgf\basiclayer\pgfcorepa
tterns.code.tex
File: pgfcorepatterns.code.tex 2013/11/07  (rcs-revision 1.5)
)))
(C:\Users\ingos\AppData\Roaming\MiKTeX\2.9\tex\generic\pgf\modules\pgfmodulesha
pes.code.tex
File: pgfmoduleshapes.code.tex 2014/03/21  (rcs-revision 1.35)
\pgfnodeparttextbox=\box32
)
(C:\Users\ingos\AppData\Roaming\MiKTeX\2.9\tex\generic\pgf\modules\pgfmoduleplo
t.code.tex
File: pgfmoduleplot.code.tex 2015/08/03  (rcs-revision 1.13)
)
(C:\Users\ingos\AppData\Roaming\MiKTeX\2.9\tex\latex\pgf\compatibility\pgfcomp-
version-0-65.sty
Package: pgfcomp-version-0-65 2007/07/03 v3.0.1a (rcs-revision 1.7)
\pgf@nodesepstart=\dimen140
\pgf@nodesepend=\dimen141
)
(C:\Users\ingos\AppData\Roaming\MiKTeX\2.9\tex\latex\pgf\compatibility\pgfcomp-
version-1-18.sty
Package: pgfcomp-version-1-18 2007/07/23 v3.0.1a (rcs-revision 1.1)
))
(C:\Users\ingos\AppData\Roaming\MiKTeX\2.9\tex\latex\pgf\utilities\pgffor.sty
(C:\Users\ingos\AppData\Roaming\MiKTeX\2.9\tex\latex\pgf\utilities\pgfkeys.sty
(C:\Users\ingos\AppData\Roaming\MiKTeX\2.9\tex\generic\pgf\utilities\pgfkeys.co
de.tex))
(C:\Users\ingos\AppData\Roaming\MiKTeX\2.9\tex\latex\pgf\math\pgfmath.sty
(C:\Users\ingos\AppData\Roaming\MiKTeX\2.9\tex\generic\pgf\math\pgfmath.code.te
x))
(C:\Users\ingos\AppData\Roaming\MiKTeX\2.9\tex\generic\pgf\utilities\pgffor.cod
e.tex
Package: pgffor 2013/12/13 v3.0.1a (rcs-revision 1.25)

(C:\Users\ingos\AppData\Roaming\MiKTeX\2.9\tex\generic\pgf\math\pgfmath.code.te
x)
\pgffor@iter=\dimen142
\pgffor@skip=\dimen143
\pgffor@stack=\toks25
\pgffor@toks=\toks26
))
(C:\Users\ingos\AppData\Roaming\MiKTeX\2.9\tex\generic\pgf\frontendlayer\tikz\t
ikz.code.tex
Package: tikz 2015/08/07 v3.0.1a (rcs-revision 1.151)

(C:\Users\ingos\AppData\Roaming\MiKTeX\2.9\tex\generic\pgf\libraries\pgflibrary
plothandlers.code.tex
File: pgflibraryplothandlers.code.tex 2013/08/31 v3.0.1a (rcs-revision 1.20)
\pgf@plot@mark@count=\count97
\pgfplotmarksize=\dimen144
)
\tikz@lastx=\dimen145
\tikz@lasty=\dimen146
\tikz@lastxsaved=\dimen147
\tikz@lastysaved=\dimen148
\tikzleveldistance=\dimen149
\tikzsiblingdistance=\dimen150
\tikz@figbox=\box33
\tikz@figbox@bg=\box34
\tikz@tempbox=\box35
\tikz@tempbox@bg=\box36
\tikztreelevel=\count98
\tikznumberofchildren=\count99
\tikznumberofcurrentchild=\count100
\tikz@fig@count=\count101

(C:\Users\ingos\AppData\Roaming\MiKTeX\2.9\tex\generic\pgf\modules\pgfmodulemat
rix.code.tex
File: pgfmodulematrix.code.tex 2013/09/17  (rcs-revision 1.8)
\pgfmatrixcurrentrow=\count102
\pgfmatrixcurrentcolumn=\count103
\pgf@matrix@numberofcolumns=\count104
)
\tikz@expandcount=\count105

(C:\Users\ingos\AppData\Roaming\MiKTeX\2.9\tex\generic\pgf\frontendlayer\tikz\l
ibraries\tikzlibrarytopaths.code.tex
File: tikzlibrarytopaths.code.tex 2008/06/17 v3.0.1a (rcs-revision 1.2)
)))
("C:\Program Files\MiKTeX 2.9\tex\latex\tools\verbatim.sty"
Package: verbatim 2014/10/28 v1.5q LaTeX2e package for verbatim enhancements
\every@verbatim=\toks27
\verbatim@line=\toks28
\verbatim@in@stream=\read2
)
(C:\Users\ingos\AppData\Roaming\MiKTeX\2.9\tex\latex\preview\preview.sty
Package: preview 2017/04/24 11.91 (AUCTeX/preview-latex)

(C:\Users\ingos\AppData\Roaming\MiKTeX\2.9\tex\generic\luatex85\luatex85.sty
Package: luatex85 2016/06/15 v1.4 pdftex aliases for luatex
)
(C:\Users\ingos\AppData\Roaming\MiKTeX\2.9\tex\latex\preview\prtightpage.def
\PreviewBorder=\dimen151
)
\pr@snippet=\count106
\pr@box=\box37
\pr@output=\toks29
)
(C:\Users\ingos\AppData\Roaming\MiKTeX\2.9\tex\generic\pgf\frontendlayer\tikz\l
ibraries\tikzlibraryarrows.code.tex
File: tikzlibraryarrows.code.tex 2008/01/09 v3.0.1a (rcs-revision 1.1)

(C:\Users\ingos\AppData\Roaming\MiKTeX\2.9\tex\generic\pgf\libraries\pgflibrary
arrows.code.tex
File: pgflibraryarrows.code.tex 2013/09/23 v3.0.1a (rcs-revision 1.16)
\arrowsize=\dimen152
))
(C:\Users\ingos\AppData\Roaming\MiKTeX\2.9\tex\generic\pgf\frontendlayer\tikz\l
ibraries\tikzlibrarypositioning.code.tex
File: tikzlibrarypositioning.code.tex 2008/10/06 v3.0.1a (rcs-revision 1.7)
) (4_temporal_network.aux)
\openout1 = `4_temporal_network.aux'.

LaTeX Font Info:    Checking defaults for OML/cmm/m/it on input line 10.
LaTeX Font Info:    ... okay on input line 10.
LaTeX Font Info:    Checking defaults for T1/cmr/m/n on input line 10.
LaTeX Font Info:    ... okay on input line 10.
LaTeX Font Info:    Checking defaults for OT1/cmr/m/n on input line 10.
LaTeX Font Info:    ... okay on input line 10.
LaTeX Font Info:    Checking defaults for OMS/cmsy/m/n on input line 10.
LaTeX Font Info:    ... okay on input line 10.
LaTeX Font Info:    Checking defaults for OMX/cmex/m/n on input line 10.
LaTeX Font Info:    ... okay on input line 10.
LaTeX Font Info:    Checking defaults for U/cmr/m/n on input line 10.
LaTeX Font Info:    ... okay on input line 10.

ABD: EveryShipout initializing macros
(C:\Users\ingos\AppData\Roaming\MiKTeX\2.9\tex\context\base\supp-pdf.mkii
[Loading MPS to PDF converter (version 2006.09.02).]
\scratchcounter=\count107
\scratchdimen=\dimen153
\scratchbox=\box38
\nofMPsegments=\count108
\nofMParguments=\count109
\everyMPshowfont=\toks30
\MPscratchCnt=\count110
\MPscratchDim=\dimen154
\MPnumerator=\count111
\makeMPintoPDFobject=\count112
\everyMPtoPDFconversion=\toks31
) ("C:\Program Files\MiKTeX 2.9\tex\latex\oberdiek\epstopdf-base.sty"
Package: epstopdf-base 2016/05/15 v2.6 Base part for package epstopdf

("C:\Program Files\MiKTeX 2.9\tex\generic\oberdiek\infwarerr.sty"
Package: infwarerr 2016/05/16 v1.4 Providing info/warning/error messages (HO)
)
("C:\Program Files\MiKTeX 2.9\tex\latex\oberdiek\grfext.sty"
Package: grfext 2016/05/16 v1.2 Manage graphics extensions (HO)

("C:\Program Files\MiKTeX 2.9\tex\generic\oberdiek\kvdefinekeys.sty"
Package: kvdefinekeys 2016/05/16 v1.4 Define keys (HO)

("C:\Program Files\MiKTeX 2.9\tex\generic\oberdiek\ltxcmds.sty"
Package: ltxcmds 2016/05/16 v1.23 LaTeX kernel commands for general use (HO)
)))
("C:\Program Files\MiKTeX 2.9\tex\latex\oberdiek\kvoptions.sty"
Package: kvoptions 2016/05/16 v3.12 Key value format for package options (HO)

("C:\Program Files\MiKTeX 2.9\tex\generic\oberdiek\kvsetkeys.sty"
Package: kvsetkeys 2016/05/16 v1.17 Key value parser (HO)

("C:\Program Files\MiKTeX 2.9\tex\generic\oberdiek\etexcmds.sty"
Package: etexcmds 2016/05/16 v1.6 Avoid name clashes with e-TeX commands (HO)

("C:\Program Files\MiKTeX 2.9\tex\generic\oberdiek\ifluatex.sty"
Package: ifluatex 2016/05/16 v1.4 Provides the ifluatex switch (HO)
Package ifluatex Info: LuaTeX not detected.
)
Package etexcmds Info: Could not find \expanded.
(etexcmds)             That can mean that you are not using pdfTeX 1.50 or
(etexcmds)             that some package has redefined \expanded.
(etexcmds)             In the latter case, load this package earlier.
)))
("C:\Program Files\MiKTeX 2.9\tex\generic\oberdiek\pdftexcmds.sty"
Package: pdftexcmds 2017/03/19 v0.25 Utility functions of pdfTeX for LuaTeX (HO
)

("C:\Program Files\MiKTeX 2.9\tex\generic\oberdiek\ifpdf.sty"
Package: ifpdf 2017/03/15 v3.2 Provides the ifpdf switch
)
Package pdftexcmds Info: LuaTeX not detected.
Package pdftexcmds Info: \pdf@primitive is available.
Package pdftexcmds Info: \pdf@ifprimitive is available.
Package pdftexcmds Info: \pdfdraftmode found.
)
Package epstopdf-base Info: Redefining graphics rule for `.eps' on input line 4
38.
Package grfext Info: Graphics extension search list:
(grfext)             [.pdf,.png,.jpg,.mps,.jpeg,.jbig2,.jb2,.PDF,.PNG,.JPG,.JPE
G,.JBIG2,.JB2,.eps]
(grfext)             \AppendGraphicsExtensions on input line 456.
)
Preview: Fontsize 10pt
Preview: PDFoutput 1
\c@a=\count113
Preview: Tightpage -327680 -327680 327680 327680
[1{C:/Users/ingos/AppData/Local/MiKTeX/2.9/pdftex/config/pdftex.map}]
(4_temporal_network.aux) ) 
Here is how much of TeX's memory you used:
 12224 strings out of 493312
 254480 string characters out of 3138898
 285764 words of memory out of 3000000
 15561 multiletter control sequences out of 15000+200000
 4533 words of font info for 17 fonts, out of 3000000 for 9000
 1141 hyphenation exceptions out of 8191
 55i,7n,60p,423b,830s stack positions out of 5000i,500n,10000p,200000b,50000s
<C:/Program Files/MiKTeX 2.9/fonts/type1/public/amsfo
nts/cm/cmssbx10.pfb>
Output written on 4_temporal_network.pdf (1 page, 13412 bytes).
PDF statistics:
 13 PDF objects out of 1000 (max. 8388607)
 0 named destinations out of 1000 (max. 500000)
 13 words of extra memory for PDF output out of 10000 (max. 10000000)

